<?xml version="1.0" encoding="UTF-8"?>
<!-- Generated by org.testng.reporters.JUnitXMLReporter -->
<testsuite hostname="DESKTOP-E3C3U7T" name="Default test" tests="3" failures="0" timestamp="21 Oct 2018 18:30:24 GMT" time="7.627" errors="0">
  <testcase name="LogoutTest" time="7.56" classname="TestNG.DependencyTest"/>
  <testcase name="LoginTest" time="0.031" classname="TestNG.DependencyTest"/>
  <testcase name="ChangePassTest" time="0.008" classname="TestNG.DependencyTest"/>
</testsuite> <!-- Default test -->
